-------------------------------------------------------------------------------
Test set: com.samagu1.web.TestWelcome
-------------------------------------------------------------------------------
Tests run: 1, Failures: 1, Errors: 0, Skipped: 0, Time elapsed: 0.674 s <<< FAILURE! - in com.samagu1.web.TestWelcome
testWelcome  Time elapsed: 0.079 s  <<< FAILURE!
java.lang.AssertionError: Status expected:<200> but was:<404>
	at com.samagu1.web.TestWelcome.testWelcome(TestWelcome.java:35)

